000 (238039.004.000) 2022-11-18 05:57:17 Job submitted from host: <128.104.100.148:9618?addrs=128.104.100.148-9618+[2607-f388-107c-501-216-3eff-feb2-bc11]-9618&alias=learn.chtc.wisc.edu&noUDP&sock=schedd_6018_6d09>
    DAG Node: 1
...
040 (238039.004.000) 2022-11-18 05:57:54 Started transferring input files
	Transferring to host: <128.105.69.27:9618?addrs=128.105.69.27-9618+[2607-f388-2200-100-1e6a-7aff-fe26-b49b]-9618&alias=e349.chtc.wisc.edu&noUDP&sock=slot1_24_38388_9192_16763>
...
040 (238039.004.000) 2022-11-18 05:57:54 Finished transferring input files
...
001 (238039.004.000) 2022-11-18 05:57:55 Job executing on host: <128.105.69.27:9618?addrs=128.105.69.27-9618+[2607-f388-2200-100-1e6a-7aff-fe26-b49b]-9618&alias=e349.chtc.wisc.edu&noUDP&sock=startd_7255_e7b0>
...
006 (238039.004.000) 2022-11-18 05:57:55 Image size of job updated: 55604
	0  -  MemoryUsage of job (MB)
	0  -  ResidentSetSize of job (KB)
...
040 (238039.004.000) 2022-11-18 05:57:56 Started transferring output files
...
040 (238039.004.000) 2022-11-18 05:57:56 Finished transferring output files
...
005 (238039.004.000) 2022-11-18 05:57:56 Job terminated.
	(1) Normal termination (return value 0)
		Usr 0 00:00:00, Sys 0 00:00:00  -  Run Remote Usage
		Usr 0 00:00:00, Sys 0 00:00:00  -  Run Local Usage
		Usr 0 00:00:00, Sys 0 00:00:00  -  Total Remote Usage
		Usr 0 00:00:00, Sys 0 00:00:00  -  Total Local Usage
	1007781  -  Run Bytes Sent By Job
	1012132  -  Run Bytes Received By Job
	1007781  -  Total Bytes Sent By Job
	1012132  -  Total Bytes Received By Job
	Partitionable Resources :    Usage  Request Allocated 
	   Cpus                 :                 1         1 
	   Disk (KB)            :     1990   102400    334156 
	   IoHeavy              :                           0 
	   Memory (MB)          :        0     1024      1024 

	Job terminated of its own accord at 2022-11-18T11:57:55Z with exit-code 0.
...
